#
# A fatal error has been detected by the Java Runtime Environment:
#
#  EXCEPTION_ACCESS_VIOLATION (0xc0000005) at pc=0x0000000059dc7a30, pid=6452, tid=15004
#
# JRE version: Java(TM) SE Runtime Environment (8.0_40-b26) (build 1.8.0_40-b26)
# Java VM: Java HotSpot(TM) 64-Bit Server VM (25.40-b25 mixed mode windows-amd64 compressed oops)
# Problematic frame:
# V  [jvm.dll+0x497a30]
#
# Failed to write core dump. Minidumps are not enabled by default on client versions of Windows
#
# If you would like to submit a bug report, please visit:
#   http://bugreport.java.com/bugreport/crash.jsp
#

---------------  T H R E A D  ---------------

Current thread (0x0000000016c4d800):  JavaThread "C2 CompilerThread0" daemon [_thread_in_native, id=15004, stack(0x00000000181c0000,0x00000000182c0000)]

siginfo: ExceptionCode=0xc0000005, reading address 0x000000005b134778

Registers:
RAX=0x0000000000000000, RBX=0x0000000000000000, RCX=0x000000005b134778, RDX=0x0000000000000000
RSP=0x00000000182bbfd0, RBP=0x000000000000000a, RSI=0x0000000000000050, RDI=0x00000000182bc020
R8 =0x0000000000000000, R9 =0x0000000000003254, R10=0x0000000059930000, R11=0x00000000182bbef0
R12=0x000000000005eb10, R13=0x0000000000000d87, R14=0x0000000059930000, R15=0x00000000000003d8
RIP=0x0000000059dc7a30, EFLAGS=0x0000000000010246

Top of Stack: (sp=0x00000000182bbfd0)
0x00000000182bbfd0:   00000000182be770 000000001f74c230
0x00000000182bbfe0:   fffffffffffffff8 0000000016c17850
0x00000000182bbff0:   0000000000000001 0000000059dc3305
0x00000000182bc000:   000000001f804150 0000000000000000
0x00000000182bc010:   00000000182bc100 0000000000000000
0x00000000182bc020:   0000000000000000 0000000000000008
0x00000000182bc030:   000000005b134778 0000000000000000
0x00000000182bc040:   0000000019136a08 0000000000000037
0x00000000182bc050:   000000001f6664b0 00000000182bc3f0
0x00000000182bc060:   0000000016c84868 0000000016c84490
0x00000000182bc070:   00000000182bc180 0000000059d8f7bf
0x00000000182bc080:   00000000182bc500 0000000016c84480
0x00000000182bc090:   00000000182bc3f0 0000000000000000
0x00000000182bc0a0:   0000000000000002 0000000016c84480
0x00000000182bc0b0:   000000001eea1b30 000000001eea9ac0
0x00000000182bc0c0:   000000001eea9b18 0000000000f39ed8 

Instructions: (pc=0x0000000059dc7a30)
0x0000000059dc7a10:   48 8b 4f 20 48 39 04 0e 0f 84 9d 00 00 00 48 8b
0x0000000059dc7a20:   0c 0e 33 d2 33 c0 48 89 4f 10 66 0f 1f 44 00 00
0x0000000059dc7a30:   83 3c 08 00 0f 85 36 01 00 00 ff c2 48 83 c0 04
0x0000000059dc7a40:   83 fa 08 72 eb 48 8b 47 30 48 89 44 24 30 48 85 


Register to memory mapping:

RAX=0x0000000000000000 is an unknown value
RBX=0x0000000000000000 is an unknown value
RCX=0x000000005b134778 is an unknown value
RDX=0x0000000000000000 is an unknown value
RSP=0x00000000182bbfd0 is pointing into the stack for thread: 0x0000000016c4d800
RBP=0x000000000000000a is an unknown value
RSI=0x0000000000000050 is an unknown value
RDI=0x00000000182bc020 is pointing into the stack for thread: 0x0000000016c4d800
R8 =0x0000000000000000 is an unknown value
R9 =0x0000000000003254 is an unknown value
R10=0x0000000059930000 is an unknown value
R11=0x00000000182bbef0 is pointing into the stack for thread: 0x0000000016c4d800
R12=0x000000000005eb10 is an unknown value
R13=0x0000000000000d87 is an unknown value
R14=0x0000000059930000 is an unknown value
R15=0x00000000000003d8 is an unknown value


Stack: [0x00000000181c0000,0x00000000182c0000],  sp=0x00000000182bbfd0,  free space=1007k
Native frames: (J=compiled Java code, j=interpreted, Vv=VM code, C=native code)
V  [jvm.dll+0x497a30]
V  [jvm.dll+0x493305]
V  [jvm.dll+0x45f7bf]
V  [jvm.dll+0x46a73b]
V  [jvm.dll+0x46cd52]
V  [jvm.dll+0x4500d2]
V  [jvm.dll+0xa4312]
V  [jvm.dll+0xa4c4f]
V  [jvm.dll+0x241914]
V  [jvm.dll+0x29848a]
C  [msvcr100.dll+0x21d9f]
C  [msvcr100.dll+0x21e3b]
C  [KERNEL32.DLL+0x17034]
C  [ntdll.dll+0x4d0d1]


Current CompileTask:
C2:  11001 1575       4       java.net.URLClassLoader$1::run (5 bytes)


---------------  P R O C E S S  ---------------

Java Threads: ( => current thread )
  0x0000000019b1e800 JavaThread "Cache worker for journal cache (C:\Users\Dell\.gradle\caches\journal-1)" [_thread_blocked, id=15888, stack(0x000000001c8e0000,0x000000001c9e0000)]
  0x0000000019b1b000 JavaThread "File lock request listener" [_thread_in_native, id=15088, stack(0x000000001c7e0000,0x000000001c8e0000)]
  0x0000000019b20000 JavaThread "Cache worker for file hash cache (C:\Users\Dell\.gradle\caches\5.6.4\fileHashes)" [_thread_blocked, id=15632, stack(0x000000001c4e0000,0x000000001c5e0000)]
  0x0000000019843800 JavaThread "Thread-9" [_thread_blocked, id=7712, stack(0x000000001c3e0000,0x000000001c4e0000)]
  0x0000000019842800 JavaThread "Stdin handler" [_thread_blocked, id=9704, stack(0x000000001c2e0000,0x000000001c3e0000)]
  0x000000001983f800 JavaThread "Asynchronous log dispatcher for DefaultDaemonConnection: socket connection from /127.0.0.1:57379 to /127.0.0.1:57380" [_thread_blocked, id=16136, stack(0x000000001c1e0000,0x000000001c2e0000)]
  0x000000001983e000 JavaThread "Daemon worker" [_thread_in_native, id=7060, stack(0x000000001c0e0000,0x000000001c1e0000)]
  0x0000000019490000 JavaThread "Cancel handler" [_thread_blocked, id=5600, stack(0x000000001bfe0000,0x000000001c0e0000)]
  0x0000000019b7f800 JavaThread "Handler for socket connection from /127.0.0.1:57379 to /127.0.0.1:57380" [_thread_in_native, id=3148, stack(0x000000001bce0000,0x000000001bde0000)]
  0x0000000019944000 JavaThread "Daemon" [_thread_blocked, id=11820, stack(0x000000001bbe0000,0x000000001bce0000)]
  0x0000000016ca3800 JavaThread "Daemon periodic checks" [_thread_blocked, id=15368, stack(0x000000001bae0000,0x000000001bbe0000)]
  0x0000000016ca0800 JavaThread "Incoming local TCP Connector on port 57379" [_thread_in_native, id=15904, stack(0x000000001b8a0000,0x000000001b9a0000)]
  0x000000001a15b000 JavaThread "Daemon health stats" [_thread_blocked, id=10552, stack(0x000000001a290000,0x000000001a390000)]
  0x00000000184f5000 JavaThread "Service Thread" daemon [_thread_blocked, id=12340, stack(0x00000000188c0000,0x00000000189c0000)]
  0x0000000016c56800 JavaThread "C1 CompilerThread2" daemon [_thread_blocked, id=12164, stack(0x00000000183c0000,0x00000000184c0000)]
  0x0000000016c53000 JavaThread "C2 CompilerThread1" daemon [_thread_blocked, id=9164, stack(0x00000000182c0000,0x00000000183c0000)]
=>0x0000000016c4d800 JavaThread "C2 CompilerThread0" daemon [_thread_in_native, id=15004, stack(0x00000000181c0000,0x00000000182c0000)]
  0x0000000016c4a800 JavaThread "Attach Listener" daemon [_thread_blocked, id=14632, stack(0x00000000180c0000,0x00000000181c0000)]
  0x0000000016c49800 JavaThread "Signal Dispatcher" daemon [_thread_blocked, id=8380, stack(0x0000000017fc0000,0x00000000180c0000)]
  0x00000000032d6000 JavaThread "Finalizer" daemon [_thread_blocked, id=13056, stack(0x0000000017ec0000,0x0000000017fc0000)]
  0x00000000032cd000 JavaThread "Reference Handler" daemon [_thread_blocked, id=15452, stack(0x0000000017dc0000,0x0000000017ec0000)]
  0x00000000031e1000 JavaThread "main" [_thread_blocked, id=16196, stack(0x00000000030c0000,0x00000000031c0000)]

Other Threads:
  0x0000000016c18000 VMThread [stack: 0x0000000017cc0000,0x0000000017dc0000] [id=3188]
  0x00000000184fa000 WatcherThread [stack: 0x00000000189c0000,0x0000000018ac0000] [id=14628]

VM state:not at safepoint (normal execution)

VM Mutex/Monitor currently owned by a thread: None

Heap:
 PSYoungGen      total 71680K, used 24055K [0x00000000e0000000, 0x00000000e8c00000, 0x0000000100000000)
  eden space 66560K, 28% used [0x00000000e0000000,0x00000000e1281d28,0x00000000e4100000)
  from space 5120K, 99% used [0x00000000e4100000,0x00000000e45fc030,0x00000000e4600000)
  to   space 5120K, 0% used [0x00000000e8700000,0x00000000e8700000,0x00000000e8c00000)
 ParOldGen       total 87552K, used 4487K [0x00000000a0000000, 0x00000000a5580000, 0x00000000e0000000)
  object space 87552K, 5% used [0x00000000a0000000,0x00000000a0461f00,0x00000000a5580000)
 Metaspace       used 16110K, capacity 16518K, committed 16896K, reserved 1062912K
  class space    used 2339K, capacity 2463K, committed 2560K, reserved 1048576K

Card table byte_map: [0x00000000126a0000,0x00000000129b0000] byte_map_base: 0x00000000121a0000

Marking Bits: (ParMarkBitMap*) 0x000000005a134040
 Begin Bits: [0x0000000012fb0000, 0x00000000147b0000)
 End Bits:   [0x00000000147b0000, 0x0000000015fb0000)

Polling page: 0x0000000001350000

CodeCache: size=245760Kb used=5731Kb max_used=5800Kb free=240028Kb
 bounds [0x00000000032e0000, 0x0000000003890000, 0x00000000122e0000]
 total_blobs=2048 nmethods=1661 adapters=300
 compilation: enabled

Compilation events (10 events):
Event: 10.057 Thread 0x0000000016c56800 1657       1       java.nio.Buffer::capacity (5 bytes)
Event: 10.057 Thread 0x0000000016c56800 nmethod 1657 0x000000000385edd0 code [0x000000000385ef20, 0x000000000385f030]
Event: 10.057 Thread 0x0000000016c56800 1659 %     3       com.google.common.io.LineBuffer::add @ 47 (204 bytes)
Event: 10.058 Thread 0x0000000016c56800 nmethod 1659% 0x000000000385f090 code [0x000000000385f2a0, 0x000000000385fd78]
Event: 10.059 Thread 0x0000000016c56800 1660       3       java.util.Formatter$Flags::contains (22 bytes)
Event: 10.060 Thread 0x0000000016c56800 nmethod 1660 0x0000000003860290 code [0x0000000003860400, 0x0000000003860610]
Event: 10.280 Thread 0x0000000016c56800 1661       3       java.util.Collections::emptyList (4 bytes)
Event: 10.280 Thread 0x0000000016c56800 nmethod 1661 0x00000000038606d0 code [0x0000000003860820, 0x0000000003860950]
Event: 10.280 Thread 0x0000000016c56800 1662       3       sun.misc.ProxyGenerator::dotToSlash (9 bytes)
Event: 10.280 Thread 0x0000000016c56800 nmethod 1662 0x00000000038609d0 code [0x0000000003860b40, 0x0000000003860d48]

GC Heap History (6 events):
Event: 1.304 GC heap before
{Heap before GC invocations=1 (full 0):
 PSYoungGen      total 38400K, used 33280K [0x00000000e0000000, 0x00000000e2a80000, 0x0000000100000000)
  eden space 33280K, 100% used [0x00000000e0000000,0x00000000e2080000,0x00000000e2080000)
  from space 5120K, 0% used [0x00000000e2580000,0x00000000e2580000,0x00000000e2a80000)
  to   space 5120K, 0% used [0x00000000e2080000,0x00000000e2080000,0x00000000e2580000)
 ParOldGen       total 87552K, used 0K [0x00000000a0000000, 0x00000000a5580000, 0x00000000e0000000)
  object space 87552K, 0% used [0x00000000a0000000,0x00000000a0000000,0x00000000a5580000)
 Metaspace       used 6726K, capacity 6926K, committed 7168K, reserved 1056768K
  class space    used 837K, capacity 907K, committed 1024K, reserved 1048576K
Event: 1.365 GC heap after
Heap after GC invocations=1 (full 0):
 PSYoungGen      total 38400K, used 4406K [0x00000000e0000000, 0x00000000e4b00000, 0x0000000100000000)
  eden space 33280K, 0% used [0x00000000e0000000,0x00000000e0000000,0x00000000e2080000)
  from space 5120K, 86% used [0x00000000e2080000,0x00000000e24cd8e0,0x00000000e2580000)
  to   space 5120K, 0% used [0x00000000e4600000,0x00000000e4600000,0x00000000e4b00000)
 ParOldGen       total 87552K, used 8K [0x00000000a0000000, 0x00000000a5580000, 0x00000000e0000000)
  object space 87552K, 0% used [0x00000000a0000000,0x00000000a0002000,0x00000000a5580000)
 Metaspace       used 6726K, capacity 6926K, committed 7168K, reserved 1056768K
  class space    used 837K, capacity 907K, committed 1024K, reserved 1048576K
}
Event: 1.750 GC heap before
{Heap before GC invocations=2 (full 0):
 PSYoungGen      total 38400K, used 37686K [0x00000000e0000000, 0x00000000e4b00000, 0x0000000100000000)
  eden space 33280K, 100% used [0x00000000e0000000,0x00000000e2080000,0x00000000e2080000)
  from space 5120K, 86% used [0x00000000e2080000,0x00000000e24cd8e0,0x00000000e2580000)
  to   space 5120K, 0% used [0x00000000e4600000,0x00000000e4600000,0x00000000e4b00000)
 ParOldGen       total 87552K, used 8K [0x00000000a0000000, 0x00000000a5580000, 0x00000000e0000000)
  object space 87552K, 0% used [0x00000000a0000000,0x00000000a0002000,0x00000000a5580000)
 Metaspace       used 7062K, capacity 7272K, committed 7424K, reserved 1056768K
  class space    used 892K, capacity 980K, committed 1024K, reserved 1048576K
Event: 1.754 GC heap after
Heap after GC invocations=2 (full 0):
 PSYoungGen      total 71680K, used 3457K [0x00000000e0000000, 0x00000000e4b00000, 0x0000000100000000)
  eden space 66560K, 0% used [0x00000000e0000000,0x00000000e0000000,0x00000000e4100000)
  from space 5120K, 67% used [0x00000000e4600000,0x00000000e49604f0,0x00000000e4b00000)
  to   space 5120K, 0% used [0x00000000e4100000,0x00000000e4100000,0x00000000e4600000)
 ParOldGen       total 87552K, used 16K [0x00000000a0000000, 0x00000000a5580000, 0x00000000e0000000)
  object space 87552K, 0% used [0x00000000a0000000,0x00000000a0004000,0x00000000a5580000)
 Metaspace       used 7062K, capacity 7272K, committed 7424K, reserved 1056768K
  class space    used 892K, capacity 980K, committed 1024K, reserved 1048576K
}
Event: 9.207 GC heap before
{Heap before GC invocations=3 (full 0):
 PSYoungGen      total 71680K, used 70017K [0x00000000e0000000, 0x00000000e4b00000, 0x0000000100000000)
  eden space 66560K, 100% used [0x00000000e0000000,0x00000000e4100000,0x00000000e4100000)
  from space 5120K, 67% used [0x00000000e4600000,0x00000000e49604f0,0x00000000e4b00000)
  to   space 5120K, 0% used [0x00000000e4100000,0x00000000e4100000,0x00000000e4600000)
 ParOldGen       total 87552K, used 16K [0x00000000a0000000, 0x00000000a5580000, 0x00000000e0000000)
  object space 87552K, 0% used [0x00000000a0000000,0x00000000a0004000,0x00000000a5580000)
 Metaspace       used 14583K, capacity 14970K, committed 15104K, reserved 1062912K
  class space    used 2079K, capacity 2219K, committed 2304K, reserved 1048576K
Event: 9.219 GC heap after
Heap after GC invocations=3 (full 0):
 PSYoungGen      total 71680K, used 5104K [0x00000000e0000000, 0x00000000e8c00000, 0x0000000100000000)
  eden space 66560K, 0% used [0x00000000e0000000,0x00000000e0000000,0x00000000e4100000)
  from space 5120K, 99% used [0x00000000e4100000,0x00000000e45fc030,0x00000000e4600000)
  to   space 5120K, 0% used [0x00000000e8700000,0x00000000e8700000,0x00000000e8c00000)
 ParOldGen       total 87552K, used 4487K [0x00000000a0000000, 0x00000000a5580000, 0x00000000e0000000)
  object space 87552K, 5% used [0x00000000a0000000,0x00000000a0461f00,0x00000000a5580000)
 Metaspace       used 14583K, capacity 14970K, committed 15104K, reserved 1062912K
  class space    used 2079K, capacity 2219K, committed 2304K, reserved 1048576K
}

Deoptimization events (10 events):
Event: 4.011 Thread 0x00000000031e1000 Uncommon trap: reason=unstable_if action=reinterpret pc=0x00000000035d491c method=java.io.WinNTFileSystem.normalize(Ljava/lang/String;)Ljava/lang/String; @ 128
Event: 7.635 Thread 0x0000000019b7f800 Uncommon trap: reason=unstable_if action=reinterpret pc=0x00000000036e0de0 method=java.util.concurrent.ConcurrentHashMap.putVal(Ljava/lang/Object;Ljava/lang/Object;Z)Ljava/lang/Object; @ 206
Event: 7.778 Thread 0x000000001983e000 Uncommon trap: reason=bimorphic action=maybe_recompile pc=0x000000000356a708 method=java.util.HashMap.putVal(ILjava/lang/Object;Ljava/lang/Object;ZZ)Ljava/lang/Object; @ 253
Event: 7.778 Thread 0x000000001983e000 Uncommon trap: reason=bimorphic action=maybe_recompile pc=0x000000000356a708 method=java.util.HashMap.putVal(ILjava/lang/Object;Ljava/lang/Object;ZZ)Ljava/lang/Object; @ 253
Event: 7.778 Thread 0x000000001983e000 Uncommon trap: reason=bimorphic action=maybe_recompile pc=0x000000000356a708 method=java.util.HashMap.putVal(ILjava/lang/Object;Ljava/lang/Object;ZZ)Ljava/lang/Object; @ 253
Event: 8.758 Thread 0x000000001983e000 Uncommon trap: reason=class_check action=maybe_recompile pc=0x00000000035ebad8 method=java.util.regex.Matcher.match(II)Z @ 86
Event: 8.783 Thread 0x000000001983e000 Uncommon trap: reason=class_check action=maybe_recompile pc=0x00000000035ebad8 method=java.util.regex.Matcher.match(II)Z @ 86
Event: 8.784 Thread 0x000000001983e000 Uncommon trap: reason=class_check action=maybe_recompile pc=0x00000000035ebad8 method=java.util.regex.Matcher.match(II)Z @ 86
Event: 8.784 Thread 0x000000001983e000 Uncommon trap: reason=class_check action=maybe_recompile pc=0x000000000359e5dc method=java.util.regex.Matcher.match(II)Z @ 86
Event: 9.946 Thread 0x000000001983e000 Uncommon trap: reason=unstable_if action=reinterpret pc=0x00000000037a73f4 method=java.lang.String.lastIndexOf([CII[CIII)I @ 66

Internal exceptions (10 events):
Event: 7.682 Thread 0x0000000019b7f800 Exception <a 'java/lang/NoSuchMethodError': <clinit>> (0x00000000e1a266a8) thrown at [D:\re\workspace\8-2-build-windows-amd64-cygwin\jdk8u40\3098\hotspot\src\share\vm\prims\jni.cpp, line 1598]
Event: 7.683 Thread 0x0000000019b7f800 Exception <a 'java/lang/NoSuchMethodError': <clinit>> (0x00000000e1a2e928) thrown at [D:\re\workspace\8-2-build-windows-amd64-cygwin\jdk8u40\3098\hotspot\src\share\vm\prims\jni.cpp, line 1598]
Event: 7.685 Thread 0x0000000019b7f800 Exception <a 'java/lang/NoSuchMethodError': <clinit>> (0x00000000e1a43be8) thrown at [D:\re\workspace\8-2-build-windows-amd64-cygwin\jdk8u40\3098\hotspot\src\share\vm\prims\jni.cpp, line 1598]
Event: 7.693 Thread 0x0000000019b7f800 Exception <a 'java/lang/NoSuchMethodError': <clinit>> (0x00000000e1a9fe10) thrown at [D:\re\workspace\8-2-build-windows-amd64-cygwin\jdk8u40\3098\hotspot\src\share\vm\prims\jni.cpp, line 1598]
Event: 7.697 Thread 0x0000000019b7f800 Exception <a 'java/lang/NoSuchMethodError': <clinit>> (0x00000000e1aca328) thrown at [D:\re\workspace\8-2-build-windows-amd64-cygwin\jdk8u40\3098\hotspot\src\share\vm\prims\jni.cpp, line 1598]
Event: 7.703 Thread 0x0000000019b7f800 Exception <a 'java/lang/NoSuchMethodError': <clinit>> (0x00000000e1af6dc8) thrown at [D:\re\workspace\8-2-build-windows-amd64-cygwin\jdk8u40\3098\hotspot\src\share\vm\prims\jni.cpp, line 1598]
Event: 7.704 Thread 0x0000000019b7f800 Exception <a 'java/lang/NoSuchMethodError': <clinit>> (0x00000000e1b01a70) thrown at [D:\re\workspace\8-2-build-windows-amd64-cygwin\jdk8u40\3098\hotspot\src\share\vm\prims\jni.cpp, line 1598]
Event: 9.839 Thread 0x000000001983e000 Exception <a 'java/lang/NoSuchMethodError': java.lang.Object.lambda$and$10(Ljava/util/function/Predicate;Ljava/lang/Object;)Z> (0x00000000e09c93d0) thrown at [D:\re\workspace\8-2-build-windows-amd64-cygwin\jdk8u40\3098\hotspot\src\share\vm\interpreter\linkv“þÂ#@
Event: 9.881 Thread 0x000000001983e000 Exception <a 'java/lang/IncompatibleClassChangeError': Found class java.lang.Object, but interface was expected> (0x00000000e09deff0) thrown at [D:\re\workspace\8-2-build-windows-amd64-cygwin\jdk8u40\3098\hotspot\src\share\vm\interpreter\linkResolver.cpp, 2šK`)Å#@
Event: 9.885 Thread 0x000000001983e000 Exception <a 'java/lang/NoSuchMethodError': java.lang.Object.lambda$or$12(Ljava/util/function/Predicate;Ljava/lang/Object;)Z> (0x00000000e09e3f60) thrown at [D:\re\workspace\8-2-build-windows-amd64-cygwin\jdk8u40\3098\hotspot\src\share\vm\interpreter\linkRô(¦Ýº@

Events (10 events):
Event: 10.282 loading class org/gradle/groovy/scripts/ScriptRunner
Event: 10.282 loading class org/gradle/groovy/scripts/ScriptRunner done
Event: 10.282 loading class org/gradle/internal/work/ConditionalExecutionQueue
Event: 10.282 loading class org/gradle/internal/work/ConditionalExecutionQueue done
Event: 10.282 loading class org/gradle/workers/internal/DefaultWorkResult
Event: 10.282 loading class org/gradle/workers/internal/DefaultWorkResult done
Event: 10.297 loading class org/gradle/api/tasks/WorkResult
Event: 10.297 loading class org/gradle/api/tasks/WorkResult done
Event: 10.298 loading class org/gradle/api/internal/artifacts/DefaultDependencyManagementServices
Event: 10.298 loading class org/gradle/api/internal/artifacts/DefaultDependencyManagementServices done


Dynamic libraries:
0x00007ff708250000 - 0x00007ff708287000 	C:\Program Files\Java\jdk1.8.0_40\bin\java.exe
0x00007ffc584b0000 - 0x00007ffc586a6000 	C:\WINDOWS\SYSTEM32\ntdll.dll
0x00007ffc58300000 - 0x00007ffc583bd000 	C:\WINDOWS\System32\KERNEL32.DLL
0x00007ffc55f30000 - 0x00007ffc561f9000 	C:\WINDOWS\System32\KERNELBASE.dll
0x00007ffc56510000 - 0x00007ffc565bc000 	C:\WINDOWS\System32\ADVAPI32.dll
0x00007ffc57a10000 - 0x00007ffc57aae000 	C:\WINDOWS\System32\msvcrt.dll
0x00007ffc567e0000 - 0x00007ffc5687c000 	C:\WINDOWS\System32\sechost.dll
0x00007ffc57050000 - 0x00007ffc5717b000 	C:\WINDOWS\System32\RPCRT4.dll
0x00007ffc565c0000 - 0x00007ffc56760000 	C:\WINDOWS\System32\USER32.dll
0x00007ffc55e50000 - 0x00007ffc55e72000 	C:\WINDOWS\System32\win32u.dll
0x00007ffc56950000 - 0x00007ffc5697a000 	C:\WINDOWS\System32\GDI32.dll
0x00007ffc56200000 - 0x00007ffc56309000 	C:\WINDOWS\System32\gdi32full.dll
0x00007ffc563e0000 - 0x00007ffc5647d000 	C:\WINDOWS\System32\msvcp_win.dll
0x00007ffc55d50000 - 0x00007ffc55e50000 	C:\WINDOWS\System32\ucrtbase.dll
0x00007ffc54fb0000 - 0x00007ffc5524b000 	C:\WINDOWS\WinSxS\amd64_microsoft.windows.common-controls_6595b64144ccf1df_6.0.19041.488_none_ca04af081b815d21\COMCTL32.dll
0x00007ffc56e90000 - 0x00007ffc56ec0000 	C:\WINDOWS\System32\IMM32.DLL
0x000000005af20000 - 0x000000005aff2000 	C:\Program Files\Java\jdk1.8.0_40\jre\bin\msvcr100.dll
0x0000000059930000 - 0x000000005a1b3000 	C:\Program Files\Java\jdk1.8.0_40\jre\bin\server\jvm.dll
0x00007ffc57ae0000 - 0x00007ffc57ae8000 	C:\WINDOWS\System32\PSAPI.DLL
0x00007ffc4d1a0000 - 0x00007ffc4d1aa000 	C:\WINDOWS\SYSTEM32\VERSION.dll
0x00007ffc4cfb0000 - 0x00007ffc4cfd7000 	C:\WINDOWS\SYSTEM32\WINMM.dll
0x00007ffc50780000 - 0x00007ffc50789000 	C:\WINDOWS\SYSTEM32\WSOCK32.dll
0x00007ffc578e0000 - 0x00007ffc5794b000 	C:\WINDOWS\System32\WS2_32.dll
0x000000005b970000 - 0x000000005b97f000 	C:\Program Files\Java\jdk1.8.0_40\jre\bin\verify.dll
0x000000005aef0000 - 0x000000005af19000 	C:\Program Files\Java\jdk1.8.0_40\jre\bin\java.dll
0x000000005aed0000 - 0x000000005aee6000 	C:\Program Files\Java\jdk1.8.0_40\jre\bin\zip.dll
0x00007ffc57180000 - 0x00007ffc578c2000 	C:\WINDOWS\System32\SHELL32.dll
0x00007ffc536f0000 - 0x00007ffc53e85000 	C:\WINDOWS\SYSTEM32\windows.storage.dll
0x00007ffc56b30000 - 0x00007ffc56e86000 	C:\WINDOWS\System32\combase.dll
0x00007ffc54f10000 - 0x00007ffc54f3c000 	C:\WINDOWS\SYSTEM32\Wldp.dll
0x00007ffc56fa0000 - 0x00007ffc5704e000 	C:\WINDOWS\System32\SHCORE.dll
0x00007ffc582a0000 - 0x00007ffc582f5000 	C:\WINDOWS\System32\shlwapi.dll
0x00007ffc55b20000 - 0x00007ffc55b46000 	C:\WINDOWS\SYSTEM32\profapi.dll
0x000000005aeb0000 - 0x000000005aeca000 	C:\Program Files\Java\jdk1.8.0_40\jre\bin\net.dll
0x00007ffc54de0000 - 0x00007ffc54e4a000 	C:\WINDOWS\system32\mswsock.dll
0x000000005ae90000 - 0x000000005aea1000 	C:\Program Files\Java\jdk1.8.0_40\jre\bin\nio.dll
0x00007ffc4aaa0000 - 0x00007ffc4aac6000 	C:\Users\Dell\.gradle\native\30\windows-amd64\native-platform.dll
0x000000005ae80000 - 0x000000005ae8d000 	C:\Program Files\Java\jdk1.8.0_40\jre\bin\management.dll
0x00007ffc558b0000 - 0x00007ffc558c8000 	C:\WINDOWS\SYSTEM32\CRYPTSP.dll
0x00007ffc54640000 - 0x00007ffc54674000 	C:\WINDOWS\system32\rsaenh.dll
0x00007ffc564e0000 - 0x00007ffc56507000 	C:\WINDOWS\System32\bcrypt.dll
0x00007ffc55ae0000 - 0x00007ffc55b0e000 	C:\WINDOWS\SYSTEM32\USERENV.dll
0x00007ffc56310000 - 0x00007ffc56390000 	C:\WINDOWS\System32\bcryptprimitives.dll
0x00007ffc54d50000 - 0x00007ffc54d5c000 	C:\WINDOWS\SYSTEM32\CRYPTBASE.dll
0x00007ffc54970000 - 0x00007ffc549ab000 	C:\WINDOWS\SYSTEM32\IPHLPAPI.DLL
0x00007ffc57ab0000 - 0x00007ffc57ab8000 	C:\WINDOWS\System32\NSI.dll
0x00007ffc4ee60000 - 0x00007ffc4ee77000 	C:\WINDOWS\SYSTEM32\dhcpcsvc6.DLL
0x00007ffc4ed60000 - 0x00007ffc4ed7d000 	C:\WINDOWS\SYSTEM32\dhcpcsvc.DLL
0x00007ffc549b0000 - 0x00007ffc54a7b000 	C:\WINDOWS\SYSTEM32\DNSAPI.dll
0x00007ffc554e0000 - 0x00007ffc556c4000 	C:\WINDOWS\SYSTEM32\dbghelp.dll

VM Arguments:
jvm_args: -Xmx1536m -Dfile.encoding=windows-1252 -Duser.country=US -Duser.language=en -Duser.variant 
java_command: org.gradle.launcher.daemon.bootstrap.GradleDaemon 5.6.4
java_class_path (initial): C:\Users\Dell\.gradle\wrapper\dists\gradle-5.6.4-all\ankdp27end7byghfw1q2sw75f\gradle-5.6.4\lib\gradle-launcher-5.6.4.jar
Launcher Type: SUN_STANDARD

Environment Variables:
PATH=C:\ProgramData\Oracle\Java\javapath;C:\WINDOWS\system32;C:\WINDOWS;C:\WINDOWS\System32\Wbem;C:\WINDOWS\System32\WindowsPowerShell\v1.0\;C:\Program Files (x86)\Skype\Phone\;C:\Program Files\Java\jdk1.8.0_40\bin;C:\Program Files\Java\jre1.8.0_40\bin;C:\Users\Dell\Desktop\openssl-0.9.8r-x64_86-win64-rev2;C:\OpenSSL-Win32\bin;C:\WINDOWS\System32\OpenSSH\;C:\Program Files\Git\cmd;C:\Users\Dell\AppData\Local\Microsoft\WindowsApps;;C:\Program Files\JetBrains\PyCharm Community Edition 2019.1.3\bin;
USERNAME=Dell
OS=Windows_NT
PROCESSOR_IDENTIFIER=Intel64 Family 6 Model 69 Stepping 1, GenuineIntel



---------------  S Y S T E M  ---------------

OS: Windows 10.0 , 64 bit Build 19041 (10.0.19041.662)

CPU:total 4 (2 cores per cpu, 2 threads per core) family 6 model 69 stepping 1, cmov, cx8, fxsr, mmx, sse, sse2, sse3, ssse3, sse4.1, sse4.2, popcnt, avx, avx2, aes, clmul, erms, lzcnt, ht, tsc, tscinvbit, bmi1, bmi2

Memory: 4k page, physical 8280408k(1464276k free), swap 12081496k(3190044k free)

vm_info: Java HotSpot(TM) 64-Bit Server VM (25.40-b25) for windows-amd64 JRE (1.8.0_40-b26), built on Mar  7 2015 13:51:59 by "java_re" with MS VC++ 10.0 (VS2010)

time: Sat Dec 26 20:17:35 2020
elapsed time: 11 seconds (0d 0h 0m 11s)

